<?xml version="1.0" encoding="UTF-8"?>
<!-- Generated by org.testng.reporters.JUnitReportReporter -->
<testsuite name="com.selenium.Orange_login" tests="1" time="14.480" ignored="0" failures="0" timestamp="22 Dec 2020 09:55:46 GMT" skipped="0" hostname="IN5CG6130867" errors="0">
  <testcase name="launch_aap" time="14.480" classname="com.selenium.Orange_login"/>
</testsuite> <!-- com.selenium.Orange_login -->
