<?xml version="1.0" encoding="UTF-8"?>
<!-- Generated by org.testng.reporters.JUnitReportReporter -->
<testsuite hostname="IN-PF2HW06P" failures="0" tests="2" name="com.org.orn.qa.testcases.LoginPageTest" time="18.921" errors="0" timestamp="2021-04-21T12:07:16 IST" skipped="0">
  <testcase classname="com.org.orn.qa.testcases.LoginPageTest" name="title" time="5.746"/>
  <system-out/>
  <testcase classname="com.org.orn.qa.testcases.LoginPageTest" name="loginTest" time="13.175"/>
  <system-out/>
</testsuite> <!-- com.org.orn.qa.testcases.LoginPageTest -->
