<?xml version="1.0" encoding="UTF-8"?>
<!-- Generated by org.testng.reporters.JUnitReportReporter -->
<testsuite name="com.selenium.AllinONE" tests="3" time="66.577" ignored="0" failures="0" timestamp="22 Dec 2020 09:55:46 GMT" skipped="0" hostname="IN5CG6130867" errors="0">
  <testcase name="Website_launch" time="61.575" classname="com.selenium.AllinONE"/>
  <testcase name="Weblist_dropdown" time="0.884" classname="com.selenium.AllinONE"/>
  <testcase name="Text" time="4.118" classname="com.selenium.AllinONE"/>
</testsuite> <!-- com.selenium.AllinONE -->
