<?xml version="1.0" encoding="UTF-8"?>
<!-- Generated by org.testng.reporters.JUnitReportReporter -->
<testsuite hostname="IN-PF2HW06P" failures="0" tests="3" name="com.selenium.Org_recruitment" time="8.713" errors="0" timestamp="2021-04-07T15:47:57 IST" skipped="0">
  <testcase classname="com.selenium.Org_recruitment" name="org_login" time="5.788"/>
  <system-out/>
  <testcase classname="com.selenium.Org_recruitment" name="recruitment" time="2.654"/>
  <system-out/>
  <testcase classname="com.selenium.Org_recruitment" name="vacancy_search" time="0.271"/>
  <system-out/>
</testsuite> <!-- com.selenium.Org_recruitment -->
