<?xml version="1.0" encoding="UTF-8"?>
<!-- Generated by org.testng.reporters.JUnitReportReporter -->
<testsuite hostname="IN-PF2HW06P" failures="0" tests="3" name="com.selenium.AllinONE" time="25.212" errors="0" timestamp="2021-04-09T15:41:22 IST" skipped="0">
  <testcase classname="com.selenium.AllinONE" name="Website_launch" time="24.185"/>
  <system-out/>
  <testcase classname="com.selenium.AllinONE" name="Text" time="0.438"/>
  <system-out/>
  <testcase classname="com.selenium.AllinONE" name="Weblist_dropdown" time="0.589"/>
  <system-out/>
</testsuite> <!-- com.selenium.AllinONE -->
