<?xml version="1.0" encoding="UTF-8"?>
<!-- Generated by org.testng.reporters.JUnitReportReporter -->
<testsuite hostname="IN-PF2HW06P" failures="0" tests="2" name="com.org.orn.qa.testcases.LoginPageTest" time="13.850" errors="0" timestamp="2021-04-22T14:23:44 IST" skipped="0">
  <testcase classname="com.org.orn.qa.testcases.LoginPageTest" name="title" time="5.255"/>
  <system-out/>
  <testcase classname="com.org.orn.qa.testcases.LoginPageTest" name="loginTest" time="8.595"/>
  <system-out/>
</testsuite> <!-- com.org.orn.qa.testcases.LoginPageTest -->
