<?xml version="1.0" encoding="UTF-8"?>
<!-- Generated by org.testng.reporters.JUnitReportReporter -->
<testsuite name="com.selenium.AllinONE" tests="3" time="48.262" ignored="0" failures="0" timestamp="28 Jan 2021 09:41:34 GMT" skipped="0" hostname="IN5CG6130867" errors="0">
  <testcase name="Weblist_dropdown" time="2.157" classname="com.selenium.AllinONE"/>
  <testcase name="Website_launch" time="44.197" classname="com.selenium.AllinONE"/>
  <testcase name="Text" time="1.908" classname="com.selenium.AllinONE"/>
</testsuite> <!-- com.selenium.AllinONE -->
