<?xml version="1.0" encoding="UTF-8"?>
<!-- Generated by org.testng.reporters.JUnitReportReporter -->
<testsuite hostname="IN-PF2HW06P" failures="0" tests="3" name="com.org.qa.testcases.AllinONE" time="51.350" errors="0" timestamp="2021-04-15T11:16:19 IST" skipped="0">
  <testcase classname="com.org.qa.testcases.AllinONE" name="Website_launch" time="50.369"/>
  <system-out/>
  <testcase classname="com.org.qa.testcases.AllinONE" name="Text" time="0.435"/>
  <system-out/>
  <testcase classname="com.org.qa.testcases.AllinONE" name="Weblist_dropdown" time="0.546"/>
  <system-out/>
</testsuite> <!-- com.org.qa.testcases.AllinONE -->
