<?xml version="1.0" encoding="UTF-8"?>
<!-- Generated by org.testng.reporters.JUnitReportReporter -->
<testsuite hostname="IN-PF2HW06P" failures="0" tests="1" name="com.selenium.Orange_login" time="7.045" errors="0" timestamp="2021-04-09T15:41:22 IST" skipped="0">
  <testcase classname="com.selenium.Orange_login" name="launch_aap" time="7.045"/>
  <system-out/>
</testsuite> <!-- com.selenium.Orange_login -->
